<?xml version="1.0" encoding="UTF-8"?>
<!-- Generated by org.testng.reporters.JUnitReportReporter -->
<testsuite skipped="0" hostname="DESKTOP-O7SLD4U" name="mypackage.Test3" tests="1" failures="0" timestamp="15 Mar 2017 22:27:51 GMT" time="0.000" errors="0">
  <testcase name="sampleTest3" time="0.000" classname="mypackage.Test3"/>
</testsuite> <!-- mypackage.Test3 -->
